1)
ssh-keygen
Generating public/private rsa key pair.
Enter file in which to save the key (/home/eltex-pg1-v11/.ssh/id_rsa): 
Enter passphrase (empty for no passphrase): 
Enter same passphrase again: 
Your identification has been saved in /home/eltex-pg1-v11/.ssh/id_rsa
Your public key has been saved in /home/eltex-pg1-v11/.ssh/id_rsa.pub
The key fingerprint is:
SHA256:LABClsXvxNlXIl/e1OG6Xl+RKzecGgJtb3LyZQb+2C4 eltex-pg1-v11@eltex-2026-spring
The key's randomart image is:
+---[RSA 3072]----+
|oo=.          ...|
|.o o   . . o ... |
|    + o o = o  . |
|     * o o.. .. .|
|    o . S. o o o |
|     . .  o o + +|
|           + O @.|
|            OE& +|
|             =o+.|
+----[SHA256]-----+

2)
ssh-copy-id root@172.16.9.185
/usr/bin/ssh-copy-id: INFO: Source of key(s) to be installed: "/home/eltex-pg1-v11/.ssh/id_rsa.pub"
/usr/bin/ssh-copy-id: INFO: attempting to log in with the new key(s), to filter out any that are already installed
/usr/bin/ssh-copy-id: INFO: 1 key(s) remain to be installed -- if you are prompted now it is to install the new keys
root@172.16.9.185's password: 

Number of key(s) added: 1

Now try logging into the machine, with:   "ssh 'root@172.16.9.185'"
and check to make sure that only the key(s) you wanted were added.

3)
cat ~/.ssh/id_rsa.pub 
ssh-rsa AAAAB3NzaC1yc2EAAAADAQABAAABgQCLp3LwBiCrpyhE/+YHjwBO+03OsemZdVHndNBnabL/bsaNCB8x18srm0eds2474ZSnQQdcLJIyEniDMZAYSIrMbbihDFj9CFEKIoINFRKctCANh+T0Jtggrwk7hinyxquiTkoOVyuFPFbdWNa23tPIX/PKX/lR8MIkBKICchi5PmCjC2Bq97zhJRCqEfyHbUsb+jUAeSHTmIh9S/NuI0l5V00M1L4zf+FIRIWnrFZHJcy0mSi3s64OHhRlmf3594TXBB3K/B/0kGrji+4G79m+tcdy0JG4VNJ+pO/LRG3WnvXP97xO6cATsTY6EJDSMQxTYDQnMArZATg+gcdyOGI2GfhEGB9HB7j6vQtIuX7IhyBx86N9ICHq6LTPex7GYDmhtCAQJG6eGagLM29N9g9T79QD6ErvlmpIh1T24afvOvlznZbHOL0YlDyDVoCptNWCM+4VJnh7IyEo6QmDrnpi2EobvAc1w9xCu9kHeABCtcaeC17vMrDDqsuZ6RhKqyE= eltex-pg1-v11@eltex-2026-spring
ls -l ~/.ssh/id_rsa.pub 
-rw-r--r-- 1 eltex-pg1-v11 eltex-pg1-v11 585 Mar 12 19:18 /home/eltex-pg1-v11/.ssh/id_rsa.pub

cat ~/.ssh/authorized_keys 
ssh-rsa AAAAB3NzaC1yc2EAAAADAQABAAABgQCLp3LwBiCrpyhE/+YHjwBO+03OsemZdVHndNBnabL/bsaNCB8x18srm0eds2474ZSnQQdcLJIyEniDMZAYSIrMbbihDFj9CFEKIoINFRKctCANh+T0Jtggrwk7hinyxquiTkoOVyuFPFbdWNa23tPIX/PKX/lR8MIkBKICchi5PmCjC2Bq97zhJRCqEfyHbUsb+jUAeSHTmIh9S/NuI0l5V00M1L4zf+FIRIWnrFZHJcy0mSi3s64OHhRlmf3594TXBB3K/B/0kGrji+4G79m+tcdy0JG4VNJ+pO/LRG3WnvXP97xO6cATsTY6EJDSMQxTYDQnMArZATg+gcdyOGI2GfhEGB9HB7j6vQtIuX7IhyBx86N9ICHq6LTPex7GYDmhtCAQJG6eGagLM29N9g9T79QD6ErvlmpIh1T24afvOvlznZbHOL0YlDyDVoCptNWCM+4VJnh7IyEo6QmDrnpi2EobvAc1w9xCu9kHeABCtcaeC17vMrDDqsuZ6RhKqyE= eltex-pg1-v11@eltex-2026-spring
ls -l ~/.ssh/authorized_keys 
-rw------- 1 root root 585 Mar 12 12:20 /root/.ssh/authorized_keys

Ключи идентичны, права на чтение на 2 сервере есть только у root, на 1 сервере права на чтение есть у всех

4)
useradd -m -s /bin/bash user1
user1
New password: 
Retype new password: 
passwd: password updated successfully

5)
adduser user2
info: Adding user `user2' ...
info: Selecting UID/GID from range 1000 to 59999 ...
info: Adding new group `user2' (1002) ...
info: Adding new user `user2' (1002) with group `user2 (1002)' ...
info: Creating home directory `/home/user2' ...
info: Copying files from `/etc/skel' ...
New password: 
Retype new password: 
passwd: password updated successfully
Changing the user information for user2
Enter the new value, or press ENTER for the default
	Full Name []: 
	Room Number []: 
	Work Phone []: 
	Home Phone []: 
	Other []: 
Is the information correct? [Y/n] y
info: Adding new user `user2' to supplemental / extra groups `users' ...
info: Adding user `user2' to group `users' ...

adduser user3
info: Adding user `user3' ...
info: Selecting UID/GID from range 1000 to 59999 ...
info: Adding new group `user3' (1003) ...
info: Adding new user `user3' (1003) with group `user3 (1003)' ...
info: Creating home directory `/home/user3' ...
info: Copying files from `/etc/skel' ...
New password: 
Retype new password: 
passwd: password updated successfully
Changing the user information for user3
Enter the new value, or press ENTER for the default
	Full Name []: 
	Room Number []: 
	Work Phone []: 
	Home Phone []: 
	Other []: 
Is the information correct? [Y/n] y
info: Adding new user `user3' to supplemental / extra groups `users' ...
info: Adding user `user3' to group `users' ...

6)
usermod -s /usr/sbin/nologin user3

root@eltex-practice2-pg1-v11:~# su user3
This account is currently not available.

root@eltex-practice2-pg1-v11:~# su user3 -s /bin/bash
user3@eltex-practice2-pg1-v11:/root$ logout
bash: logout: not login shell: use `exit'
user3@eltex-practice2-pg1-v11:/root$ exit
exit

7)
addgroup group1
info: Selecting GID from range 1000 to 59999 ...
info: Adding group `group1' (GID 1004) ...

usermod -a -G group1 user1
usermod -a -G group1 user2
usermod -a -G group1 user3

id -nG user1
user1 group1
id -nG user2
user2 users group1
id -nG user3
user3 users group1

9)
mkdir /opt/share
chown :group1 /opt/share
chmod g+s /opt/share
chmod g+rwx /opt/share
ls -l -d /opt/share
drwxrwsr-x 2 root group1 4096 Mar 12 12:47 /opt/share

10)
echo 'umask 044' >> ~user1/.bashrc

11)
root@eltex-practice2-pg1-v11:~# su user1
user1@eltex-practice2-pg1-v11:/root$ cd /opt/share
user1@eltex-practice2-pg1-v11:/opt/share$ ls -l
total 0
user1@eltex-practice2-pg1-v11:/opt/share$ touch user1
user1@eltex-practice2-pg1-v11:/opt/share$ exit
exit
root@eltex-practice2-pg1-v11:~# su user2
user2@eltex-practice2-pg1-v11:/root$ cd /opt/share
user2@eltex-practice2-pg1-v11:/opt/share$ touch user2
user2@eltex-practice2-pg1-v11:/opt/share$ exit
exit
root@eltex-practice2-pg1-v11:~# su user3
This account is currently not available.
root@eltex-practice2-pg1-v11:~# su user3 -s /bin/bash
user3@eltex-practice2-pg1-v11:/root$ cd /opt/share
user3@eltex-practice2-pg1-v11:/opt/share$ touch user3
user3@eltex-practice2-pg1-v11:/opt/share$ ls
user1  user2  user3

12)
chmod +t /opt/share
root@eltex-practice2-pg1-v11:~# su user1
user1@eltex-practice2-pg1-v11:/root$ cd /opt/share
user1@eltex-practice2-pg1-v11:/opt/share$ touch user1_2
user1@eltex-practice2-pg1-v11:/opt/share$ exit
exit
root@eltex-practice2-pg1-v11:~# su user2
user2@eltex-practice2-pg1-v11:/root$ cd /opt/share
user2@eltex-practice2-pg1-v11:/opt/share$ touch user2_2
user2@eltex-practice2-pg1-v11:/opt/share$ exit
exit
root@eltex-practice2-pg1-v11:~# su user3 -s /bin/bash
user3@eltex-practice2-pg1-v11:/root$ cd /opt/share
user3@eltex-practice2-pg1-v11:/opt/share$ touch user3_3
user3@eltex-practice2-pg1-v11:/opt/share$ ls -l
total 0
-rw--w--w- 1 user1 group1 0 Mar 12 13:15 user1
-rw--w--w- 1 user1 group1 0 Mar 12 13:19 user1_2
-rw-rw-r-- 1 user2 group1 0 Mar 12 13:16 user2
-rw-rw-r-- 1 user2 group1 0 Mar 12 13:21 user2_2
-rw-rw-r-- 1 user3 group1 0 Mar 12 13:16 user3
-rw-rw-r-- 1 user3 group1 0 Mar 12 13:21 user3_3

13)
user1 ALL=(ALL) /usr/bin/dmesg в /etc/sudoers

sudo visudo
sudo visudo -c
/etc/sudoers: parsed OK
/etc/sudoers.d/README: parsed OK

nano ~user2/dmesg_script.sh

#!/bin/bash

if [ "$(whoami)" != "user2" ]; then
    echo "Этот скрипт может выполнять только user2"
    exit 1
fi

/usr/bin/dmesg

chmod +x ~user2/dmesg_script.sh
chmod u+s ~user2/dmesg_script.sh

14)
chage -M 10 user1
chage -M 10 user2
chage -M 10 user3

15)
echo "Воробьев Илья" >> /etc/motd
cat /etc/motd
Воробьев Илья

16)
rsync -a /etc/ /root/etc_backup/

17)
apt install p7zip-full

tar -czf etc_backup.tar.gz etc_backup
tar -cjf etc_backup.tar.bz2 etc_backup
/bin/sh: 1: bzip2: not found
tar: etc_backup.tar.gz: Cannot write: Broken pipe
tar: Child returned status 127
tar: Error is not recoverable: exiting now

apt install bzip2

tar -cjf etc_backup.tar.bz2 etc_backup
7z a etc_backup.7z etc_backup/

7-Zip 23.01 (x64) : Copyright (c) 1999-2023 Igor Pavlov : 2023-06-20
 64-bit locale=en_US.UTF-8 Threads:2 OPEN_MAX:1024

Scanning the drive:

WARNING: errno=2 : No such file or directory
etc_backup/os-release


WARNING: errno=2 : No such file or directory
etc_backup/resolv.conf


WARNING: errno=2 : No such file or directory
etc_backup/mtab

244 folders, 1507 files, 38702890 bytes (37 MiB)

Creating archive: etc_backup.7z

Add new data to archive: 244 folders, 1507 files, 38702890 bytes (37 MiB)


Files read from disk: 1494
Archive size: 4679491 bytes (4570 KiB)

Scan WARNINGS for files and folders:

etc_backup/os-release : errno=2 : No such file or directory
etc_backup/resolv.conf : errno=2 : No such file or directory
etc_backup/mtab : errno=2 : No such file or directory
----------------
Scan WARNINGS: 3

ls -lh
total 5.6M
drwxr-xr-x 109 root root 4.0K Mar 15 10:51 etc_backup
-rw-r--r--   1 root root 4.5M Mar 15 11:27 etc_backup.7z
-rw-r--r--   1 root root 549K Mar 15 11:29 etc_backup.tar.bz2
-rw-r--r--   1 root root 583K Mar 15 11:29 etc_backup.tar.gz

18)
echo "$(date)" >> /etc/motd
rsync -a /etc/ /root/etc_backup/
tar -rzf etc_backup.tar.gz etc_backup/motd
tar: Cannot update compressed archives
tar -czf etc_backup.tar.gz etc_backup

19)
mkdir etc_backup_bzip2
tar -xjf etc_backup.tar.bz2 -C etc_backup_bzip2
diff -r etc_backup_bzip2/etc_backup/ /root/etc_backup
diff -r etc_backup_bzip2/etc_backup/motd /root/etc_backup/motd
1a2
> Sun Mar 15 11:40:43 AM UTC 2026
diff: etc_backup_bzip2/etc_backup/mtab: No such file or directory
diff: /root/etc_backup/mtab: No such file or directory
diff: etc_backup_bzip2/etc_backup/os-release: No such file or directory
diff: /root/etc_backup/os-release: No such file or directory
diff: etc_backup_bzip2/etc_backup/resolv.conf: No such file or directory
diff: /root/etc_backup/resolv.conf: No such file or directory

20)
mkdir etc_backup_gzip
mkdir etc_backup_7zip
tar -xzf etc_backup.tar.gz -C /root/etc_backup_gzip/
7z x etc_backup.7z -o/root/etc_backup_7zip/

7-Zip 23.01 (x64) : Copyright (c) 1999-2023 Igor Pavlov : 2023-06-20
 64-bit locale=en_US.UTF-8 Threads:2 OPEN_MAX:1024

Scanning the drive for archives:
1 file, 4679491 bytes (4570 KiB)

Extracting archive: etc_backup.7z
--
Path = etc_backup.7z
Type = 7z
Physical Size = 4679491
Headers Size = 20866
Method = LZMA2:24 BCJ
Solid = +
Blocks = 2

Everything is Ok

Folders: 244
Files: 1507
Size:       38702890
Compressed: 4679491

diff etc_backup_7zip/etc_backup/motd etc_backup_gzip/etc_backup/motd
1a2
> Sun Mar 15 11:40:43 AM UTC 2026
