1)


2)
eltex-pg1-v11@eltex-2026-spring:~$ ls
ls           lsblk        lscpu        lsinitramfs  lsirq        lslogins     lsmod        lsof         lsusb
lsattr       lsb_release  lsfd         lsipc        lslocks      lsmem        lsns         lspci
eltex-pg1-v11@eltex-2026-spring:~$ ls

3)
eltex-pg1-v11@eltex-2026-spring:~$ $HIST
$HISTCMD       $HISTCONTROL   $HISTFILE      $HISTFILESIZE  $HISTSIZE
eltex-pg1-v11@eltex-2026-spring:~$ $HIST

4)
eltex-pg1-v11@eltex-2026-spring:~$ echo $HISTFILESIZE
2000

5)
eltex-pg1-v11@eltex-2026-spring:~$ ls -A ~ | grep "^\."
.bash_history
.bash_logout
.bashrc
.config
.lesshst
.profile
.viminfo

6)
eltex-pg1-v11@eltex-2026-spring:~$ echo 'export HISTTIMEFORMAT="%F "' >> ~/.bashrc
eltex-pg1-v11@eltex-2026-spring:~$ source ~/.bashrc

7)
eltex-pg1-v11@eltex-2026-spring:~$ date
Thu Mar 12 03:42:20 PM +07 2026

eltex-pg1-v11@eltex-2026-spring:~$ history 5
   66  2026-03-12 history 5
   67  2026-03-12 history 10
   68  2026-03-12 history 100
   69  2026-03-12 date
   70  2026-03-12 history 5

eltex-pg1-v11@eltex-2026-spring:~$ tail -n 5 ~/.bash_history
screen -ls
screen -r vi
screen -X -S vi quit
screen -X -S top quit
screen -ls

eltex-pg1-v11@eltex-2026-spring:~$ echo 'export PROMPT_COMMAND="history -a"' >> ~/.bashrc
eltex-pg1-v11@eltex-2026-spring:~$ source ~/.bashrc

eltex-pg1-v11@eltex-2026-spring:~$ date
Thu Mar 12 03:45:19 PM +07 2026
eltex-pg1-v11@eltex-2026-spring:~$ history 5
   71  2026-03-12 tail -n 5 ~/.bash_history
   72  2026-03-12 echo 'export PROMPT_COMMAND="history -a"' >> ~/.bashrc
   73  2026-03-12 source ~/.bashrc
   74  2026-03-12 date
   75  2026-03-12 history 5
eltex-pg1-v11@eltex-2026-spring:~$ tail -n 5 ~/.bash_history
source ~/.bashrc
#1773305119
date
#1773305131
history 5

10)
eltex-pg1-v11@eltex-2026-spring:~$ DATE=$(date +%F)
eltex-pg1-v11@eltex-2026-spring:~$ echo $DATE
2026-03-12

11)
eltex-pg1-v11@eltex-2026-spring:~$ TIME=$(date +%T)
eltex-pg1-v11@eltex-2026-spring:~$ echo $TIME
15:53:04

12)
eltex-pg1-v11@eltex-2026-spring:~$ DATE_TIME="$DATE $TIME"
eltex-pg1-v11@eltex-2026-spring:~$ echo $DATE_TIME
2026-03-12 15:53:04

13)
eltex-pg1-v11@eltex-2026-spring:~$ ls /bin /sbin | grep '[0-9]'
addr2line
b2sum
base32
base64
bunzip2
bzip2
bzip2recover
c89
c89-gcc
c99
c99-gcc
cpan5.36-x86_64-linux-gnu
cpp-12
diff3
enc2xs
gcc-12
gcc-ar-12
gcc-nm-12
gcc-ranlib-12
gcov-12
gcov-dump-12
gcov-tool-12
grub-menulst2cfg
grub-mkpasswd-pbkdf2
grub-syslinux2cfg
h2ph
h2xs
i386
linux32
linux64
lto-dump-12
md5sum
md5sum.textutils
pdb3
pdb3.11
perl5.36.0
perl5.36-x86_64-linux-gnu
ping4
ping6
pl2pm
pod2html
pod2man
pod2text
pod2usage
py3clean
py3compile
py3versions
pydoc3
pydoc3.11
pygettext3
pygettext3.11
python3
python3.11
sha1sum
sha224sum
sha256sum
sha384sum
sha512sum
ssh-argv0
systemd-id128
traceroute6
traceroute6.db
x86_64
x86_64-linux-gnu-addr2line
x86_64-linux-gnu-ar
x86_64-linux-gnu-as
x86_64-linux-gnu-c++filt
x86_64-linux-gnu-cpp
x86_64-linux-gnu-cpp-12
x86_64-linux-gnu-dwp
x86_64-linux-gnu-elfedit
x86_64-linux-gnu-gcc
x86_64-linux-gnu-gcc-12
x86_64-linux-gnu-gcc-ar
x86_64-linux-gnu-gcc-ar-12
x86_64-linux-gnu-gcc-nm
x86_64-linux-gnu-gcc-nm-12
x86_64-linux-gnu-gcc-ranlib
x86_64-linux-gnu-gcc-ranlib-12
x86_64-linux-gnu-gcov
x86_64-linux-gnu-gcov-12
x86_64-linux-gnu-gcov-dump
x86_64-linux-gnu-gcov-dump-12
x86_64-linux-gnu-gcov-tool
x86_64-linux-gnu-gcov-tool-12
x86_64-linux-gnu-gold
x86_64-linux-gnu-gp-archive
x86_64-linux-gnu-gp-collect-app
x86_64-linux-gnu-gp-display-html
x86_64-linux-gnu-gp-display-src
x86_64-linux-gnu-gp-display-text
x86_64-linux-gnu-gprof
x86_64-linux-gnu-gprofng
x86_64-linux-gnu-ld
x86_64-linux-gnu-ld.bfd
x86_64-linux-gnu-ld.gold
x86_64-linux-gnu-lto-dump
x86_64-linux-gnu-lto-dump-12
x86_64-linux-gnu-nm
x86_64-linux-gnu-objcopy
x86_64-linux-gnu-objdump
x86_64-linux-gnu-ranlib
x86_64-linux-gnu-readelf
x86_64-linux-gnu-size
x86_64-linux-gnu-strings
x86_64-linux-gnu-strip
dumpe2fs
e2freefrag
e2fsck
e2image
e2label
e2mmpstatus
e2scrub
e2scrub_all
e2undo
e4crypt
e4defrag
fsck.ext2
fsck.ext3
fsck.ext4
killall5
mke2fs
mkfs.ext2
mkfs.ext3
mkfs.ext4
resize2fs
tune2fs
update-grub2

14-15)
eltex-pg1-v11@eltex-2026-spring:~$ echo 'export PS1="\u@\H-$(date +%H:%M)> "' >> ~/.bashrc
eltex-pg1-v11@eltex-2026-spring:~$ source ~/.bashrc
eltex-pg1-v11@eltex-2026-spring-16:31>

16)
eltex-pg1-v11@eltex-2026-spring-16:35> mkdir -p ~/$(date +%Y)-{01..12..01}
eltex-pg1-v11@eltex-2026-spring-16:35> ls ~
2026-01  2026-02  2026-03  2026-04  2026-05  2026-06  2026-07  2026-08  2026-09  2026-10  2026-11  2026-12  report_part1.txt